Wed Jul 12 09:03:43 CEST 2017 : Server di rete Apache Derby: 10.11.1.2 - (1629631) avviato e pronto ad accettare connessioni sulla porta 1527
----------------------------------------------------------------
Wed Jul 12 09:03:44 CEST 2017:
Avvio della versione di Derby The Apache Software Foundation - Apache Derby - 10.11.1.2 - (1629631): istanza a816c00e-015d-359c-5390-ffffc4773461
sulla directory di database /home/marco/ProgettiAMM/AMM_Project/AmmM1Finale/web/WEB-INF/db/ammdb con caricatore classi sun.misc.Launcher$AppClassLoader@6f94fa3e 
Caricato da file:/usr/lib/jvm/jdk1.8.0_121/db/lib/derby.jar
java.vendor=Oracle Corporation
java.runtime.version=1.8.0_121-b13
user.dir=/usr/lib/jvm/jdk1.8.0_121/db
os.name=Linux
os.arch=amd64
os.version=4.4.0-78-generic
derby.system.home=/home/marco/ProgettiAMM/AMM_Project/AmmM1Finale/web/WEB-INF/db
Programma di caricamento classe database avviato - derby.database.classpath=''
----------------------------------------------------------------
Wed Jul 12 09:04:03 CEST 2017:
Arresto dell'istanza a816c00e-015d-359c-5390-ffffc4773461 nella directory del database /home/marco/ProgettiAMM/AMM_Project/AmmM1Finale/web/WEB-INF/db/ammdb con il caricatore di classi sun.misc.Launcher$AppClassLoader@6f94fa3e 
Wed Jul 12 09:04:03 CEST 2017 Thread[DRDAConnThread_3,5,main] (DATABASE = ammdb), (DRDAID = {2}), Chiusura del database 'ammdb'.
----------------------------------------------------------------
Wed Jul 12 22:28:04 CEST 2017: arresto in corso del motore di Derby
----------------------------------------------------------------
